<?xml version="1.0" encoding="UTF-8" ?>
<testsuite tests="23" failures="0" name="com.alanpeinejr.authservice.AuthenticationServiceTest" time="10.243" errors="0" skipped="0">
  <properties>
[...]
</properties>
  <testcase classname="com.alanpeinejr.authservice.AuthenticationServiceTest" name="testAuthorizeNoUser" time="0.105"/>
  <testcase classname="com.alanpeinejr.authservice.AuthenticationServiceTest" name="testGetAllRolesOldToken" time="5.004"/>
  <testcase classname="com.alanpeinejr.authservice.AuthenticationServiceTest" name="testAuthorizeNoSuchRole" time="0.022"/>
  <testcase classname="com.alanpeinejr.authservice.AuthenticationServiceTest" name="testInvalidateError" time="0.002"/>
  <testcase classname="com.alanpeinejr.authservice.AuthenticationServiceTest" name="testCreateRoleError" time="0"/>
  <testcase classname="com.alanpeinejr.authservice.AuthenticationServiceTest" name="testCreateUserError" time="0.001"/>
  <testcase classname="com.alanpeinejr.authservice.AuthenticationServiceTest" name="testCreateRoleValid" time="0"/>
  <testcase classname="com.alanpeinejr.authservice.AuthenticationServiceTest" name="testCreateUserValid" time="0.001"/>
  <testcase classname="com.alanpeinejr.authservice.AuthenticationServiceTest" name="testAuthorizeValid" time="0.026"/>
  <testcase classname="com.alanpeinejr.authservice.AuthenticationServiceTest" name="testAuthorizeInvalidatedToken" time="0.015"/>
  <testcase classname="com.alanpeinejr.authservice.AuthenticationServiceTest" name="testAssignRoleToUserError" time="0.001"/>
  <testcase classname="com.alanpeinejr.authservice.AuthenticationServiceTest" name="testGetAllRolesValid" time="0.015"/>
  <testcase classname="com.alanpeinejr.authservice.AuthenticationServiceTest" name="testGetAllRolesInvalidatedToken" time="0.016"/>
  <testcase classname="com.alanpeinejr.authservice.AuthenticationServiceTest" name="testAuthenticateError" time="0.001"/>
  <testcase classname="com.alanpeinejr.authservice.AuthenticationServiceTest" name="testAuthenticateValid" time="0.002"/>
  <testcase classname="com.alanpeinejr.authservice.AuthenticationServiceTest" name="testDeleteRolesAreDeletedForUsers" time="0.013"/>
  <testcase classname="com.alanpeinejr.authservice.AuthenticationServiceTest" name="testAuthenticateInvalidPassword" time="0.001"/>
  <testcase classname="com.alanpeinejr.authservice.AuthenticationServiceTest" name="testDeleteRoleError" time="0.001"/>
  <testcase classname="com.alanpeinejr.authservice.AuthenticationServiceTest" name="testDeleteUserError" time="0"/>
  <testcase classname="com.alanpeinejr.authservice.AuthenticationServiceTest" name="testDeleteRoleValid" time="0"/>
  <testcase classname="com.alanpeinejr.authservice.AuthenticationServiceTest" name="testDeleteUserValid" time="0.001"/>
  <testcase classname="com.alanpeinejr.authservice.AuthenticationServiceTest" name="testGetAllRolesNoUser" time="0.013"/>
  <testcase classname="com.alanpeinejr.authservice.AuthenticationServiceTest" name="testAuthorizeOldToken" time="5.003"/>
</testsuite>